<?xml version="1.0" encoding="UTF-8"?>
<testsuite xmlns:xsi="http://www.w3.org/2001/XMLSchema-instance" xsi:noNamespaceSchemaLocation="https://maven.apache.org/surefire/maven-surefire-plugin/xsd/surefire-test-report-3.0.xsd" version="3.0" name="TestConversor" time="0.263" tests="31" errors="0" skipped="0" failures="0">
  <properties>
[...]
</properties>
  <testcase name="convert_tens_to_Roman_string(int, String)[1]" classname="TestConversor" time="0.076"/>
  <testcase name="convert_tens_to_Roman_string(int, String)[2]" classname="TestConversor" time="0.001"/>
  <testcase name="convert_tens_to_Roman_string(int, String)[3]" classname="TestConversor" time="0"/>
  <testcase name="convert_tens_to_Roman_string(int, String)[4]" classname="TestConversor" time="0.001"/>
  <testcase name="convert_tens_to_Roman_string(int, String)[5]" classname="TestConversor" time="0.001"/>
  <testcase name="convert_tens_to_Roman_string(int, String)[6]" classname="TestConversor" time="0.001"/>
  <testcase name="convert_tens_to_Roman_string(int, String)[7]" classname="TestConversor" time="0"/>
  <testcase name="convert_tens_to_Roman_string(int, String)[8]" classname="TestConversor" time="0.001"/>
  <testcase name="convert_tens_to_Roman_string(int, String)[9]" classname="TestConversor" time="0.001"/>
  <testcase name="convert_units_to_Roman_string(int, String)[1]" classname="TestConversor" time="0.001"/>
  <testcase name="convert_units_to_Roman_string(int, String)[2]" classname="TestConversor" time="0"/>
  <testcase name="convert_units_to_Roman_string(int, String)[3]" classname="TestConversor" time="0.001"/>
  <testcase name="convert_units_to_Roman_string(int, String)[4]" classname="TestConversor" time="0.001"/>
  <testcase name="convert_units_to_Roman_string(int, String)[5]" classname="TestConversor" time="0"/>
  <testcase name="convert_units_to_Roman_string(int, String)[6]" classname="TestConversor" time="0.001"/>
  <testcase name="convert_units_to_Roman_string(int, String)[7]" classname="TestConversor" time="0.001"/>
  <testcase name="convert_units_to_Roman_string(int, String)[8]" classname="TestConversor" time="0"/>
  <testcase name="convert_units_to_Roman_string(int, String)[9]" classname="TestConversor" time="0.001"/>
  <testcase name="convert_hundreds_to_Roman_string(int, String)[1]" classname="TestConversor" time="0.001"/>
  <testcase name="convert_hundreds_to_Roman_string(int, String)[2]" classname="TestConversor" time="0"/>
  <testcase name="convert_hundreds_to_Roman_string(int, String)[3]" classname="TestConversor" time="0.001"/>
  <testcase name="convert_hundreds_to_Roman_string(int, String)[4]" classname="TestConversor" time="0.001"/>
  <testcase name="convert_hundreds_to_Roman_string(int, String)[5]" classname="TestConversor" time="0"/>
  <testcase name="convert_hundreds_to_Roman_string(int, String)[6]" classname="TestConversor" time="0.001"/>
  <testcase name="convert_hundreds_to_Roman_string(int, String)[7]" classname="TestConversor" time="0"/>
  <testcase name="convert_hundreds_to_Roman_string(int, String)[8]" classname="TestConversor" time="0.001"/>
  <testcase name="convert_hundreds_to_Roman_string(int, String)[9]" classname="TestConversor" time="0.001"/>
  <testcase name="convert_thousands_to_Roman_string(int, String)[1]" classname="TestConversor" time="0.001"/>
  <testcase name="convert_thousands_to_Roman_string(int, String)[2]" classname="TestConversor" time="0.001"/>
  <testcase name="convert_thousands_to_Roman_string(int, String)[3]" classname="TestConversor" time="0.006"/>
  <testcase name="convert_number_to_RomanNumber" classname="TestConversor" time="0.001"/>
</testsuite>